<?xml version="1.0" encoding="UTF-8"?>
<!-- Generated by org.testng.reporters.JUnitReportReporter -->
<testsuite hostname="Maheswaridarla" failures="0" tests="1" name="Contact_Module.CreateContactWithOrgNmae" time="58.316" errors="0" timestamp="2025-07-21T18:26:35 IST" skipped="0">
  <testcase classname="Contact_Module.CreateContactWithOrgNmae" name="Create_Orgwith_Cont" time="58.316"/>
</testsuite> <!-- Contact_Module.CreateContactWithOrgNmae -->
