<?xml version="1.0" encoding="UTF-8"?>
<!-- Generated by org.testng.reporters.JUnitReportReporter -->
<testsuite hostname="Maheswaridarla" failures="0" tests="1" name="Contact_Module.CreateContact_SupportDate" time="42.353" errors="0" timestamp="2025-07-23T17:01:43 IST" skipped="0">
  <testcase classname="Contact_Module.CreateContact_SupportDate" name="CreateNewContact" time="42.353"/>
</testsuite> <!-- Contact_Module.CreateContact_SupportDate -->
