<?xml version="1.0" encoding="UTF-8"?>
<!-- Generated by org.testng.reporters.JUnitReportReporter -->
<testsuite hostname="Maheswaridarla" failures="0" tests="1" name="OrganizationModule.CreateOrganizationwithIndustryandtype" time="36.212" errors="0" timestamp="2025-07-21T18:26:35 IST" skipped="0">
  <testcase classname="OrganizationModule.CreateOrganizationwithIndustryandtype" name="CreateNewOrgTest" time="36.212"/>
</testsuite> <!-- OrganizationModule.CreateOrganizationwithIndustryandtype -->
