<?xml version="1.0" encoding="UTF-8"?>
<!-- Generated by org.testng.reporters.JUnitReportReporter -->
<testsuite hostname="Maheswaridarla" failures="0" tests="1" name="Contact_Module.ContactScenariosTest" time="33.624" errors="0" timestamp="2025-07-30T18:01:07 IST" skipped="0">
  <testcase classname="Contact_Module.ContactScenariosTest" name="CreateNewContact1" time="33.624">
    <system-out>
      <![CDATA[CreateNewContact1test execution started
CreateNewContact1test execution success]]>
    </system-out>
  </testcase> <!-- CreateNewContact1 -->
  <system-out>
    <![CDATA[suite execution started-configure the reports
configure parallel execution
CreateNewContact1test execution started
CreateNewContact1test execution success
close configaration of parallel Execution]]>
  </system-out>
</testsuite> <!-- Contact_Module.ContactScenariosTest -->
