<?xml version="1.0" encoding="UTF-8"?>
<!-- Generated by org.testng.reporters.JUnitReportReporter -->
<testsuite hostname="Maheswaridarla" failures="0" tests="1" name="Contact_Module.Create_Contact" time="33.230" errors="0" timestamp="2025-07-22T16:10:16 IST" skipped="0">
  <testcase classname="Contact_Module.Create_Contact" name="CreateNewContact" time="33.230"/>
</testsuite> <!-- Contact_Module.Create_Contact -->
