<?xml version="1.0" encoding="UTF-8"?>
<!-- Generated by org.testng.reporters.JUnitReportReporter -->
<testsuite hostname="Maheswaridarla" failures="0" tests="3" name="OrganizationModule.OrganizationsScenariosTest" time="107.753" errors="0" timestamp="2025-07-29T18:05:47 IST" skipped="0">
  <testcase classname="OrganizationModule.OrganizationsScenariosTest" name="CreateNewOrgTest" time="39.299">
    <system-out>
      <![CDATA[CreateNewOrgTesttest execution started
CreateNewOrgTesttest execution success]]>
    </system-out>
  </testcase> <!-- CreateNewOrgTest -->
  <testcase classname="OrganizationModule.OrganizationsScenariosTest" name="CreateNewOrgTest11" time="35.915">
    <system-out>
      <![CDATA[CreateNewOrgTest11test execution started
CreateNewOrgTest11test execution success]]>
    </system-out>
  </testcase> <!-- CreateNewOrgTest11 -->
  <testcase classname="OrganizationModule.OrganizationsScenariosTest" name="CreateNewOrgTest1" time="32.539">
    <system-out>
      <![CDATA[CreateNewOrgTest1test execution started
CreateNewOrgTest1test execution success]]>
    </system-out>
  </testcase> <!-- CreateNewOrgTest1 -->
  <system-out>
    <![CDATA[suite execution started-configure the reports
configure parallel execution
CreateNewContacttest execution started
CreateNewContacttest execution success
CreateNewContact1test execution started
CreateNewContact1test execution success
Create_Orgwith_Conttest execution started
Create_Orgwith_Conttest execution success
CreateNewOrgTesttest execution started
CreateNewOrgTesttest execution success
CreateNewOrgTest1test execution started
CreateNewOrgTest1test execution success
CreateNewOrgTest11test execution started
CreateNewOrgTest11test execution success
close configaration of parallel Execution]]>
  </system-out>
</testsuite> <!-- OrganizationModule.OrganizationsScenariosTest -->
