<?xml version="1.0" encoding="UTF-8"?>
<!-- Generated by org.testng.reporters.JUnitReportReporter -->
<testsuite hostname="Maheswaridarla" failures="0" tests="1" name="Contact_Module.CreateContactWithOrg" time="66.692" errors="0" timestamp="2025-07-14T10:29:57 IST" skipped="0">
  <testcase classname="Contact_Module.CreateContactWithOrg" name="CreateNewContact" time="66.692"/>
</testsuite> <!-- Contact_Module.CreateContactWithOrg -->
