<?xml version="1.0" encoding="UTF-8"?>
<!-- Generated by org.testng.reporters.JUnitReportReporter -->
<testsuite hostname="Maheswaridarla" failures="0" tests="1" name="OrganizationModule.CreateorgwithPhoneNo" time="33.859" errors="0" timestamp="2025-07-21T18:26:35 IST" skipped="0">
  <testcase classname="OrganizationModule.CreateorgwithPhoneNo" name="CreateNewOrgTest" time="33.859"/>
</testsuite> <!-- OrganizationModule.CreateorgwithPhoneNo -->
